undefined
[0m%s%s[0m
[0m%s%s[0m
Chet was added
They are player number 1
Pat was added
They are player number 2
Sue was added
They are player number 3
Chet is the current player
They have rolled a 802123
Chet's new location is 802111
The category is Rock
Rock Question 0
Answer was correct!!!!
Chet now has 1 Gold Coins.
Pat is the current player
They have rolled a 1474159
Pat's new location is 1474147
The category is Rock
Rock Question 1
Answer was correct!!!!
Pat now has 1 Gold Coins.
Sue is the current player
They have rolled a 4271173
Sue's new location is 4271161
The category is Rock
Rock Question 2
Answer was correct!!!!
Sue now has 1 Gold Coins.
Chet is the current player
They have rolled a 540805
Chet's new location is 1342904
The category is Rock
Rock Question 3
Answer was correct!!!!
Chet now has 2 Gold Coins.
Pat is the current player
They have rolled a 5078251
Pat's new location is 6552386
The category is Rock
Rock Question 4
Answer was correct!!!!
Pat now has 2 Gold Coins.
Sue is the current player
They have rolled a 5068171
Sue's new location is 9339320
The category is Rock
Rock Question 5
Answer was correct!!!!
Sue now has 2 Gold Coins.
Chet is the current player
They have rolled a 1518523
Chet's new location is 2861415
The category is Rock
Rock Question 6
Question was incorrectly answered
Chet was sent to the penalty box
Pat is the current player
They have rolled a 5489191
Pat's new location is 12041565
The category is Rock
Rock Question 7
Answer was correct!!!!
Pat now has 3 Gold Coins.
Sue is the current player
They have rolled a 3490069
Sue's new location is 12829377
The category is Rock
Rock Question 8
Answer was correct!!!!
Sue now has 3 Gold Coins.
Chet is the current player
They have rolled a 1098031
Chet is getting out of the penalty box
Chet's new location is 3959434
The category is Rock
Rock Question 9
Answer was correct!!!!
Chet now has 3 Gold Coins.
Pat is the current player
They have rolled a 547963
Pat's new location is 12589516
The category is Rock
Rock Question 10
Answer was correct!!!!
Pat now has 4 Gold Coins.
Sue is the current player
They have rolled a 5431297
Sue's new location is 18260662
The category is Rock
Rock Question 11
Answer was correct!!!!
Sue now has 4 Gold Coins.
Chet is the current player
They have rolled a 2525263
Chet is getting out of the penalty box
Chet's new location is 6484685
The category is Rock
Rock Question 12
Answer was correct!!!!
Chet now has 4 Gold Coins.
Pat is the current player
They have rolled a 5400733
Pat's new location is 17990237
The category is Rock
Rock Question 13
Answer was correct!!!!
Pat now has 5 Gold Coins.
Sue is the current player
They have rolled a 792289
Sue's new location is 19052939
The category is Rock
Rock Question 14
Answer was correct!!!!
Sue now has 5 Gold Coins.
Chet is the current player
They have rolled a 3480799
Chet is getting out of the penalty box
Chet's new location is 9965472
The category is Rock
Rock Question 15
Answer was correct!!!!
Chet now has 5 Gold Coins.
Pat is the current player
They have rolled a 5375509
Pat's new location is 23365734
The category is Rock
Rock Question 16
Answer was correct!!!!
Pat now has 6 Gold Coins.
  [31m  %d) %s[0m
undefined
[0m%s%s[0m
  [31m  %d) %s[0m
undefined
undefined
